SF:C:\Users\Alondra\OneDrive - sluz\2 Lehrjahr\2. Semester\M426\cards\Card.ts
FN:20,<instance_members_initializer>
FN:21,Card
FN:26,beats
FNDA:1,<instance_members_initializer>
FNDA:1,Card
FNDA:0,beats
FNF:3
FNH:2
BRF:0
BRH:0
DA:1,1
DA:8,1
DA:20,1
DA:21,1
DA:22,1
DA:23,1
DA:24,1
DA:26,0
DA:27,0
DA:28,0
DA:30,0
DA:31,0
DA:32,1
LH:8
LF:13
end_of_record
SF:C:\Users\Alondra\OneDrive - sluz\2 Lehrjahr\2. Semester\M426\cards\cards.ts
FN:1,hello
FNDA:1,hello
FNF:1
FNH:1
BRF:0
BRH:0
DA:1,1
DA:2,1
DA:3,1
LH:3
LF:3
end_of_record
